[ 2014-03-11T21:56:51+08:00 ] 127.0.0.1 /
INFO: [ app_init ] --START--
INFO: [ app_init ] --END-- [ RunTime:0.000433s ]
INFO: [ app_begin ] --START--
INFO: Run Behavior\ReadHtmlCache [ RunTime:0.000063s ]
INFO: [ app_begin ] --END-- [ RunTime:0.000142s ]
INFO: [ action_begin ] --START--
INFO: [ action_begin ] --END-- [ RunTime:0.000039s ]
INFO: [ view_begin ] --START--
INFO: [ view_begin ] --END-- [ RunTime:0.000021s ]
INFO: [ view_parse ] --START--
INFO: Run Behavior\ParseTemplate [ RunTime:0.013710s ]
INFO: [ view_parse ] --END-- [ RunTime:0.013789s ]
INFO: [ view_filter ] --START--
INFO: Run Behavior\WriteHtmlCache [ RunTime:0.000015s ]
INFO: [ view_filter ] --END-- [ RunTime:0.000051s ]
INFO: [ view_end ] --START--
INFO: [ view_end ] --END-- [ RunTime:0.000015s ]
INFO: [ app_end ] --START--
INFO: Run Behavior\ShowPageTrace [ RunTime:0.000027s ]
INFO: [ app_end ] --END-- [ RunTime:0.000062s ]

[ 2014-03-11T21:56:56+08:00 ] 127.0.0.1 /index.php/admin/Admin
INFO: [ app_init ] --START--
INFO: [ app_init ] --END-- [ RunTime:0.000272s ]
INFO: [ path_info ] --START--
INFO: [ path_info ] --END-- [ RunTime:0.000051s ]
INFO: [ app_begin ] --START--
INFO: Run Behavior\ReadHtmlCache [ RunTime:0.000058s ]
INFO: [ app_begin ] --END-- [ RunTime:0.000131s ]
INFO: [ action_begin ] --START--
INFO: [ action_begin ] --END-- [ RunTime:0.000070s ]
NOTIC: [8192] mysql_connect(): The mysql extension is deprecated and will be removed in the future: use mysqli or PDO instead /var/www/php/thinkphp_company/ThinkPHP/Library/Think/Db/Driver/Mysql.class.php 第 52 行.
SQL: SHOW COLUMNS FROM `admin_nav` [ RunTime:0.014393s ]
SQL: SELECT * FROM `admin_nav`  [ RunTime:0.003353s ]
INFO: [ view_begin ] --START--
INFO: [ view_begin ] --END-- [ RunTime:0.000036s ]
INFO: [ view_parse ] --START--
INFO: [ template_filter ] --START--
INFO: Run Behavior\ContentReplace [ RunTime:0.000088s ]
INFO: [ template_filter ] --END-- [ RunTime:0.000172s ]
INFO: Run Behavior\ParseTemplate [ RunTime:0.158144s ]
INFO: [ view_parse ] --END-- [ RunTime:0.158232s ]
INFO: [ view_filter ] --START--
INFO: Run Behavior\WriteHtmlCache [ RunTime:0.000015s ]
INFO: [ view_filter ] --END-- [ RunTime:0.000049s ]
INFO: [ view_end ] --START--
INFO: [ view_end ] --END-- [ RunTime:0.000029s ]
INFO: [ app_end ] --START--
INFO: Run Behavior\ShowPageTrace [ RunTime:0.000053s ]
INFO: [ app_end ] --END-- [ RunTime:0.000101s ]

[ 2014-03-11T21:57:04+08:00 ] 127.0.0.1 /index.php/admin/Admin/add_nav
INFO: [ app_init ] --START--
INFO: [ app_init ] --END-- [ RunTime:0.000229s ]
INFO: [ path_info ] --START--
INFO: [ path_info ] --END-- [ RunTime:0.000026s ]
INFO: [ app_begin ] --START--
INFO: Run Behavior\ReadHtmlCache [ RunTime:0.000035s ]
INFO: [ app_begin ] --END-- [ RunTime:0.000080s ]
INFO: [ action_begin ] --START--
INFO: [ action_begin ] --END-- [ RunTime:0.000024s ]
NOTIC: [8192] mysql_connect(): The mysql extension is deprecated and will be removed in the future: use mysqli or PDO instead /var/www/php/thinkphp_company/ThinkPHP/Library/Think/Db/Driver/Mysql.class.php 第 52 行.
SQL: SHOW COLUMNS FROM `admin_nav` [ RunTime:0.000600s ]
SQL: SELECT * FROM `admin_nav`  [ RunTime:0.000207s ]
INFO: [ view_parse ] --START--
INFO: [ template_filter ] --START--
INFO: Run Behavior\ContentReplace [ RunTime:0.000070s ]
INFO: [ template_filter ] --END-- [ RunTime:0.000137s ]
INFO: Run Behavior\ParseTemplate [ RunTime:0.051393s ]
INFO: [ view_parse ] --END-- [ RunTime:0.051472s ]
INFO: [ view_filter ] --START--
INFO: Run Behavior\WriteHtmlCache [ RunTime:0.000014s ]
INFO: [ view_filter ] --END-- [ RunTime:0.000056s ]
INFO: [ view_begin ] --START--
INFO: [ view_begin ] --END-- [ RunTime:0.000015s ]
INFO: [ view_parse ] --START--
INFO: Run Behavior\ParseTemplate [ RunTime:0.047626s ]
INFO: [ view_parse ] --END-- [ RunTime:-0.000162s ]
INFO: [ view_filter ] --START--
INFO: Run Behavior\WriteHtmlCache [ RunTime:0.000016s ]
INFO: [ view_filter ] --END-- [ RunTime:-0.047793s ]
INFO: [ view_end ] --START--
INFO: [ view_end ] --END-- [ RunTime:0.000039s ]
INFO: [ app_end ] --START--
INFO: Run Behavior\ShowPageTrace [ RunTime:0.000064s ]
INFO: [ app_end ] --END-- [ RunTime:0.000145s ]

[ 2014-03-11T22:29:24+08:00 ] 127.0.0.1 /index.php/admin/Admin
INFO: [ app_init ] --START--
INFO: [ app_init ] --END-- [ RunTime:0.000344s ]
INFO: [ path_info ] --START--
INFO: [ path_info ] --END-- [ RunTime:0.000025s ]
INFO: [ app_begin ] --START--
INFO: Run Behavior\ReadHtmlCache [ RunTime:0.000052s ]
INFO: [ app_begin ] --END-- [ RunTime:0.000102s ]
INFO: [ action_begin ] --START--
INFO: [ action_begin ] --END-- [ RunTime:0.000025s ]
NOTIC: [8192] mysql_connect(): The mysql extension is deprecated and will be removed in the future: use mysqli or PDO instead /var/www/php/thinkphp_company/ThinkPHP/Library/Think/Db/Driver/Mysql.class.php 第 52 行.
SQL: SHOW COLUMNS FROM `admin_nav` [ RunTime:0.000516s ]
SQL: SELECT * FROM `admin_nav`  [ RunTime:0.000201s ]
INFO: [ view_begin ] --START--
INFO: [ view_begin ] --END-- [ RunTime:0.000021s ]
INFO: [ view_parse ] --START--
INFO: [ template_filter ] --START--
INFO: Run Behavior\ContentReplace [ RunTime:0.000092s ]
INFO: [ template_filter ] --END-- [ RunTime:0.000163s ]
INFO: Run Behavior\ParseTemplate [ RunTime:0.010318s ]
INFO: [ view_parse ] --END-- [ RunTime:0.010373s ]
INFO: [ view_filter ] --START--
INFO: Run Behavior\WriteHtmlCache [ RunTime:0.000014s ]
INFO: [ view_filter ] --END-- [ RunTime:0.000051s ]
INFO: [ view_end ] --START--
INFO: [ view_end ] --END-- [ RunTime:0.000023s ]
INFO: [ app_end ] --START--
INFO: Run Behavior\ShowPageTrace [ RunTime:0.000037s ]
INFO: [ app_end ] --END-- [ RunTime:0.000090s ]

[ 2014-03-11T22:32:08+08:00 ] 127.0.0.1 /index.php/admin/Admin/add_nav
INFO: [ app_init ] --START--
INFO: [ app_init ] --END-- [ RunTime:0.000300s ]
INFO: [ path_info ] --START--
INFO: [ path_info ] --END-- [ RunTime:0.000020s ]
INFO: [ app_begin ] --START--
INFO: Run Behavior\ReadHtmlCache [ RunTime:0.000040s ]
INFO: [ app_begin ] --END-- [ RunTime:0.000085s ]
INFO: [ action_begin ] --START--
INFO: [ action_begin ] --END-- [ RunTime:0.000024s ]
NOTIC: [8192] mysql_connect(): The mysql extension is deprecated and will be removed in the future: use mysqli or PDO instead /var/www/php/thinkphp_company/ThinkPHP/Library/Think/Db/Driver/Mysql.class.php 第 52 行.
SQL: SHOW COLUMNS FROM `admin_nav` [ RunTime:0.000532s ]
SQL: SELECT * FROM `admin_nav`  [ RunTime:0.000185s ]
INFO: [ view_parse ] --START--
INFO: [ template_filter ] --START--
INFO: Run Behavior\ContentReplace [ RunTime:0.000077s ]
INFO: [ template_filter ] --END-- [ RunTime:0.000144s ]
INFO: Run Behavior\ParseTemplate [ RunTime:0.008990s ]
INFO: [ view_parse ] --END-- [ RunTime:0.009042s ]
INFO: [ view_filter ] --START--
INFO: Run Behavior\WriteHtmlCache [ RunTime:0.000013s ]
INFO: [ view_filter ] --END-- [ RunTime:0.000063s ]
INFO: [ view_begin ] --START--
INFO: [ view_begin ] --END-- [ RunTime:0.000013s ]
INFO: [ view_parse ] --START--
INFO: Run Behavior\ParseTemplate [ RunTime:0.000266s ]
INFO: [ view_parse ] --END-- [ RunTime:-0.000154s ]
INFO: [ view_filter ] --START--
INFO: Run Behavior\WriteHtmlCache [ RunTime:0.000008s ]
INFO: [ view_filter ] --END-- [ RunTime:-0.000381s ]
INFO: [ view_end ] --START--
INFO: [ view_end ] --END-- [ RunTime:0.000030s ]
INFO: [ app_end ] --START--
INFO: Run Behavior\ShowPageTrace [ RunTime:0.000053s ]
INFO: [ app_end ] --END-- [ RunTime:0.000113s ]

[ 2014-03-11T22:32:19+08:00 ] 127.0.0.1 /index.php/admin/Admin/add_nav
INFO: [ app_init ] --START--
INFO: [ app_init ] --END-- [ RunTime:0.000280s ]
INFO: [ path_info ] --START--
INFO: [ path_info ] --END-- [ RunTime:0.000018s ]
INFO: [ app_begin ] --START--
INFO: Run Behavior\ReadHtmlCache [ RunTime:0.000036s ]
INFO: [ app_begin ] --END-- [ RunTime:0.000091s ]
INFO: [ action_begin ] --START--
INFO: [ action_begin ] --END-- [ RunTime:0.000022s ]
NOTIC: [8192] mysql_connect(): The mysql extension is deprecated and will be removed in the future: use mysqli or PDO instead /var/www/php/thinkphp_company/ThinkPHP/Library/Think/Db/Driver/Mysql.class.php 第 52 行.
SQL: SHOW COLUMNS FROM `admin_nav` [ RunTime:0.000601s ]
SQL: SELECT * FROM `admin_nav`  [ RunTime:0.000222s ]
INFO: [ view_parse ] --START--
INFO: [ template_filter ] --START--
INFO: Run Behavior\ContentReplace [ RunTime:0.000070s ]
INFO: [ template_filter ] --END-- [ RunTime:0.000138s ]
INFO: Run Behavior\ParseTemplate [ RunTime:0.008893s ]
INFO: [ view_parse ] --END-- [ RunTime:0.008943s ]
INFO: [ view_filter ] --START--
INFO: Run Behavior\WriteHtmlCache [ RunTime:0.000011s ]
INFO: [ view_filter ] --END-- [ RunTime:0.000045s ]
INFO: [ view_begin ] --START--
INFO: [ view_begin ] --END-- [ RunTime:0.000014s ]
INFO: [ view_parse ] --START--
INFO: Run Behavior\ParseTemplate [ RunTime:0.000264s ]
INFO: [ view_parse ] --END-- [ RunTime:-0.000123s ]
INFO: [ view_filter ] --START--
INFO: Run Behavior\WriteHtmlCache [ RunTime:0.000008s ]
INFO: [ view_filter ] --END-- [ RunTime:-0.000377s ]
INFO: [ view_end ] --START--
INFO: [ view_end ] --END-- [ RunTime:0.000023s ]
INFO: [ app_end ] --START--
INFO: Run Behavior\ShowPageTrace [ RunTime:0.000036s ]
INFO: [ app_end ] --END-- [ RunTime:0.000088s ]

[ 2014-03-11T22:32:23+08:00 ] 127.0.0.1 /index.php/admin/Admin/add_nav
INFO: [ app_init ] --START--
INFO: [ app_init ] --END-- [ RunTime:0.000219s ]
INFO: [ path_info ] --START--
INFO: [ path_info ] --END-- [ RunTime:0.000018s ]
INFO: [ app_begin ] --START--
INFO: Run Behavior\ReadHtmlCache [ RunTime:0.000028s ]
INFO: [ app_begin ] --END-- [ RunTime:0.000070s ]
INFO: [ action_begin ] --START--
INFO: [ action_begin ] --END-- [ RunTime:0.000022s ]
NOTIC: [8192] mysql_connect(): The mysql extension is deprecated and will be removed in the future: use mysqli or PDO instead /var/www/php/thinkphp_company/ThinkPHP/Library/Think/Db/Driver/Mysql.class.php 第 52 行.
SQL: SHOW COLUMNS FROM `admin_nav` [ RunTime:0.000519s ]
SQL: SELECT * FROM `admin_nav`  [ RunTime:0.000187s ]
INFO: [ view_parse ] --START--
INFO: [ template_filter ] --START--
INFO: Run Behavior\ContentReplace [ RunTime:0.000066s ]
INFO: [ template_filter ] --END-- [ RunTime:0.000135s ]
INFO: Run Behavior\ParseTemplate [ RunTime:0.007712s ]
INFO: [ view_parse ] --END-- [ RunTime:0.007762s ]
INFO: [ view_filter ] --START--
INFO: Run Behavior\WriteHtmlCache [ RunTime:0.000011s ]
INFO: [ view_filter ] --END-- [ RunTime:0.000045s ]
INFO: [ view_begin ] --START--
INFO: [ view_begin ] --END-- [ RunTime:0.000013s ]
INFO: [ view_parse ] --START--
INFO: Run Behavior\ParseTemplate [ RunTime:0.000257s ]
INFO: [ view_parse ] --END-- [ RunTime:-0.000133s ]
INFO: [ view_filter ] --START--
INFO: Run Behavior\WriteHtmlCache [ RunTime:0.000007s ]
INFO: [ view_filter ] --END-- [ RunTime:-0.000365s ]
INFO: [ view_end ] --START--
INFO: [ view_end ] --END-- [ RunTime:0.000029s ]
INFO: [ app_end ] --START--
INFO: Run Behavior\ShowPageTrace [ RunTime:0.000051s ]
INFO: [ app_end ] --END-- [ RunTime:0.000110s ]

[ 2014-03-11T22:32:24+08:00 ] 127.0.0.1 /index.php/admin/Admin
INFO: [ app_init ] --START--
INFO: [ app_init ] --END-- [ RunTime:0.000285s ]
INFO: [ path_info ] --START--
INFO: [ path_info ] --END-- [ RunTime:0.000019s ]
INFO: [ app_begin ] --START--
INFO: Run Behavior\ReadHtmlCache [ RunTime:0.000037s ]
INFO: [ app_begin ] --END-- [ RunTime:0.000078s ]
INFO: [ action_begin ] --START--
INFO: [ action_begin ] --END-- [ RunTime:0.000023s ]
NOTIC: [8192] mysql_connect(): The mysql extension is deprecated and will be removed in the future: use mysqli or PDO instead /var/www/php/thinkphp_company/ThinkPHP/Library/Think/Db/Driver/Mysql.class.php 第 52 行.
SQL: SHOW COLUMNS FROM `admin_nav` [ RunTime:0.000565s ]
SQL: SELECT * FROM `admin_nav`  [ RunTime:0.000249s ]
INFO: [ view_begin ] --START--
INFO: [ view_begin ] --END-- [ RunTime:0.000018s ]
INFO: [ view_parse ] --START--
INFO: [ template_filter ] --START--
INFO: Run Behavior\ContentReplace [ RunTime:0.000090s ]
INFO: [ template_filter ] --END-- [ RunTime:0.000154s ]
INFO: Run Behavior\ParseTemplate [ RunTime:0.011037s ]
INFO: [ view_parse ] --END-- [ RunTime:0.011092s ]
INFO: [ view_filter ] --START--
INFO: Run Behavior\WriteHtmlCache [ RunTime:0.000012s ]
INFO: [ view_filter ] --END-- [ RunTime:0.000047s ]
INFO: [ view_end ] --START--
INFO: [ view_end ] --END-- [ RunTime:0.000020s ]
INFO: [ app_end ] --START--
INFO: Run Behavior\ShowPageTrace [ RunTime:0.000030s ]
INFO: [ app_end ] --END-- [ RunTime:0.000066s ]

[ 2014-03-11T22:32:27+08:00 ] 127.0.0.1 /index.php/admin/Admin/add_nav
INFO: [ app_init ] --START--
INFO: [ app_init ] --END-- [ RunTime:0.000213s ]
INFO: [ path_info ] --START--
INFO: [ path_info ] --END-- [ RunTime:0.000019s ]
INFO: [ app_begin ] --START--
INFO: Run Behavior\ReadHtmlCache [ RunTime:0.000030s ]
INFO: [ app_begin ] --END-- [ RunTime:0.000075s ]
INFO: [ action_begin ] --START--
INFO: [ action_begin ] --END-- [ RunTime:0.000023s ]
NOTIC: [8192] mysql_connect(): The mysql extension is deprecated and will be removed in the future: use mysqli or PDO instead /var/www/php/thinkphp_company/ThinkPHP/Library/Think/Db/Driver/Mysql.class.php 第 52 行.
SQL: SHOW COLUMNS FROM `admin_nav` [ RunTime:0.000528s ]
SQL: SELECT * FROM `admin_nav`  [ RunTime:0.000204s ]
INFO: [ view_parse ] --START--
INFO: [ template_filter ] --START--
INFO: Run Behavior\ContentReplace [ RunTime:0.000064s ]
INFO: [ template_filter ] --END-- [ RunTime:0.000127s ]
INFO: Run Behavior\ParseTemplate [ RunTime:0.008489s ]
INFO: [ view_parse ] --END-- [ RunTime:0.008539s ]
INFO: [ view_filter ] --START--
INFO: Run Behavior\WriteHtmlCache [ RunTime:0.000011s ]
INFO: [ view_filter ] --END-- [ RunTime:0.000046s ]
INFO: [ view_begin ] --START--
INFO: [ view_begin ] --END-- [ RunTime:0.000013s ]
INFO: [ view_parse ] --START--
INFO: Run Behavior\ParseTemplate [ RunTime:0.000294s ]
INFO: [ view_parse ] --END-- [ RunTime:-0.000123s ]
INFO: [ view_filter ] --START--
INFO: Run Behavior\WriteHtmlCache [ RunTime:0.000009s ]
INFO: [ view_filter ] --END-- [ RunTime:-0.000408s ]
INFO: [ view_end ] --START--
INFO: [ view_end ] --END-- [ RunTime:0.000039s ]
INFO: [ app_end ] --START--
INFO: Run Behavior\ShowPageTrace [ RunTime:0.000055s ]
INFO: [ app_end ] --END-- [ RunTime:0.000117s ]

[ 2014-03-11T22:34:58+08:00 ] 127.0.0.1 /index.php/admin/Admin
INFO: [ app_init ] --START--
INFO: [ app_init ] --END-- [ RunTime:0.000227s ]
INFO: [ path_info ] --START--
INFO: [ path_info ] --END-- [ RunTime:0.000019s ]
INFO: [ app_begin ] --START--
INFO: Run Behavior\ReadHtmlCache [ RunTime:0.000034s ]
INFO: [ app_begin ] --END-- [ RunTime:0.000077s ]
INFO: [ action_begin ] --START--
INFO: [ action_begin ] --END-- [ RunTime:0.000025s ]
NOTIC: [8192] mysql_connect(): The mysql extension is deprecated and will be removed in the future: use mysqli or PDO instead /var/www/php/thinkphp_company/ThinkPHP/Library/Think/Db/Driver/Mysql.class.php 第 52 行.
SQL: SHOW COLUMNS FROM `admin_nav` [ RunTime:0.000496s ]
SQL: SELECT * FROM `admin_nav`  [ RunTime:0.000204s ]
INFO: [ view_begin ] --START--
INFO: [ view_begin ] --END-- [ RunTime:0.000025s ]
INFO: [ view_parse ] --START--
INFO: [ template_filter ] --START--
INFO: Run Behavior\ContentReplace [ RunTime:0.000103s ]
INFO: [ template_filter ] --END-- [ RunTime:0.000175s ]
INFO: Run Behavior\ParseTemplate [ RunTime:0.010174s ]
INFO: [ view_parse ] --END-- [ RunTime:0.010227s ]
INFO: [ view_filter ] --START--
INFO: Run Behavior\WriteHtmlCache [ RunTime:0.000014s ]
INFO: [ view_filter ] --END-- [ RunTime:0.000049s ]
INFO: [ view_end ] --START--
INFO: [ view_end ] --END-- [ RunTime:0.000020s ]
INFO: [ app_end ] --START--
INFO: Run Behavior\ShowPageTrace [ RunTime:0.000035s ]
INFO: [ app_end ] --END-- [ RunTime:0.000086s ]

[ 2014-03-11T22:35:01+08:00 ] 127.0.0.1 /index.php/admin/Admin/add_nav
INFO: [ app_init ] --START--
INFO: [ app_init ] --END-- [ RunTime:0.000205s ]
INFO: [ path_info ] --START--
INFO: [ path_info ] --END-- [ RunTime:0.000020s ]
INFO: [ app_begin ] --START--
INFO: Run Behavior\ReadHtmlCache [ RunTime:0.000031s ]
INFO: [ app_begin ] --END-- [ RunTime:0.000076s ]
INFO: [ action_begin ] --START--
INFO: [ action_begin ] --END-- [ RunTime:0.000023s ]
NOTIC: [8192] mysql_connect(): The mysql extension is deprecated and will be removed in the future: use mysqli or PDO instead /var/www/php/thinkphp_company/ThinkPHP/Library/Think/Db/Driver/Mysql.class.php 第 52 行.
SQL: SHOW COLUMNS FROM `admin_nav` [ RunTime:0.000529s ]
SQL: SELECT * FROM `admin_nav`  [ RunTime:0.000209s ]
INFO: [ view_parse ] --START--
INFO: [ template_filter ] --START--
INFO: Run Behavior\ContentReplace [ RunTime:0.000067s ]
INFO: [ template_filter ] --END-- [ RunTime:0.000119s ]
INFO: Run Behavior\ParseTemplate [ RunTime:0.008119s ]
INFO: [ view_parse ] --END-- [ RunTime:0.008170s ]
INFO: [ view_filter ] --START--
INFO: Run Behavior\WriteHtmlCache [ RunTime:0.000011s ]
INFO: [ view_filter ] --END-- [ RunTime:0.000045s ]
INFO: [ view_begin ] --START--
INFO: [ view_begin ] --END-- [ RunTime:0.000014s ]
INFO: [ view_parse ] --START--
INFO: Run Behavior\ParseTemplate [ RunTime:0.000262s ]
INFO: [ view_parse ] --END-- [ RunTime:-0.000123s ]
INFO: [ view_filter ] --START--
INFO: Run Behavior\WriteHtmlCache [ RunTime:0.000008s ]
INFO: [ view_filter ] --END-- [ RunTime:-0.000373s ]
INFO: [ view_end ] --START--
INFO: [ view_end ] --END-- [ RunTime:0.000023s ]
INFO: [ app_end ] --START--
INFO: Run Behavior\ShowPageTrace [ RunTime:0.000029s ]
INFO: [ app_end ] --END-- [ RunTime:0.000076s ]

[ 2014-03-11T22:35:13+08:00 ] 127.0.0.1 /index.php/admin/Admin/add_nav
INFO: [ app_init ] --START--
INFO: [ app_init ] --END-- [ RunTime:0.000202s ]
INFO: [ path_info ] --START--
INFO: [ path_info ] --END-- [ RunTime:0.000019s ]
INFO: [ app_begin ] --START--
INFO: Run Behavior\ReadHtmlCache [ RunTime:0.000031s ]
INFO: [ app_begin ] --END-- [ RunTime:0.000075s ]
INFO: [ action_begin ] --START--
INFO: [ action_begin ] --END-- [ RunTime:0.000024s ]
NOTIC: [8192] mysql_connect(): The mysql extension is deprecated and will be removed in the future: use mysqli or PDO instead /var/www/php/thinkphp_company/ThinkPHP/Library/Think/Db/Driver/Mysql.class.php 第 52 行.
SQL: SHOW COLUMNS FROM `admin_nav` [ RunTime:0.000529s ]
SQL: SELECT * FROM `admin_nav`  [ RunTime:0.000209s ]
INFO: [ view_parse ] --START--
INFO: [ template_filter ] --START--
INFO: Run Behavior\ContentReplace [ RunTime:0.000065s ]
INFO: [ template_filter ] --END-- [ RunTime:0.000116s ]
INFO: Run Behavior\ParseTemplate [ RunTime:0.008147s ]
INFO: [ view_parse ] --END-- [ RunTime:0.008197s ]
INFO: [ view_filter ] --START--
INFO: Run Behavior\WriteHtmlCache [ RunTime:0.000011s ]
INFO: [ view_filter ] --END-- [ RunTime:0.000046s ]
INFO: [ view_begin ] --START--
INFO: [ view_begin ] --END-- [ RunTime:0.000013s ]
INFO: [ view_parse ] --START--
INFO: Run Behavior\ParseTemplate [ RunTime:0.000265s ]
INFO: [ view_parse ] --END-- [ RunTime:-0.000122s ]
INFO: [ view_filter ] --START--
INFO: Run Behavior\WriteHtmlCache [ RunTime:0.000008s ]
INFO: [ view_filter ] --END-- [ RunTime:-0.000387s ]
INFO: [ view_end ] --START--
INFO: [ view_end ] --END-- [ RunTime:0.000024s ]
INFO: [ app_end ] --START--
INFO: Run Behavior\ShowPageTrace [ RunTime:0.000029s ]
INFO: [ app_end ] --END-- [ RunTime:0.000066s ]

[ 2014-03-11T22:35:18+08:00 ] 127.0.0.1 /index.php/admin/Admin
INFO: [ app_init ] --START--
INFO: [ app_init ] --END-- [ RunTime:0.000292s ]
INFO: [ path_info ] --START--
INFO: [ path_info ] --END-- [ RunTime:0.000019s ]
INFO: [ app_begin ] --START--
INFO: Run Behavior\ReadHtmlCache [ RunTime:0.000034s ]
INFO: [ app_begin ] --END-- [ RunTime:0.000077s ]
INFO: [ action_begin ] --START--
INFO: [ action_begin ] --END-- [ RunTime:0.000021s ]
NOTIC: [8192] mysql_connect(): The mysql extension is deprecated and will be removed in the future: use mysqli or PDO instead /var/www/php/thinkphp_company/ThinkPHP/Library/Think/Db/Driver/Mysql.class.php 第 52 行.
SQL: SHOW COLUMNS FROM `admin_nav` [ RunTime:0.000513s ]
SQL: SELECT * FROM `admin_nav`  [ RunTime:0.000206s ]
INFO: [ view_begin ] --START--
INFO: [ view_begin ] --END-- [ RunTime:0.000018s ]
INFO: [ view_parse ] --START--
INFO: [ template_filter ] --START--
INFO: Run Behavior\ContentReplace [ RunTime:0.000089s ]
INFO: [ template_filter ] --END-- [ RunTime:0.000154s ]
INFO: Run Behavior\ParseTemplate [ RunTime:0.010136s ]
INFO: [ view_parse ] --END-- [ RunTime:0.010178s ]
INFO: [ view_filter ] --START--
INFO: Run Behavior\WriteHtmlCache [ RunTime:0.000011s ]
INFO: [ view_filter ] --END-- [ RunTime:0.000045s ]
INFO: [ view_end ] --START--
INFO: [ view_end ] --END-- [ RunTime:0.000020s ]
INFO: [ app_end ] --START--
INFO: Run Behavior\ShowPageTrace [ RunTime:0.000029s ]
INFO: [ app_end ] --END-- [ RunTime:0.000065s ]

[ 2014-03-11T22:35:22+08:00 ] 127.0.0.1 /index.php/admin/Admin/add_nav
INFO: [ app_init ] --START--
INFO: [ app_init ] --END-- [ RunTime:0.000192s ]
INFO: [ path_info ] --START--
INFO: [ path_info ] --END-- [ RunTime:0.000019s ]
INFO: [ app_begin ] --START--
INFO: Run Behavior\ReadHtmlCache [ RunTime:0.000031s ]
INFO: [ app_begin ] --END-- [ RunTime:0.000072s ]
INFO: [ action_begin ] --START--
INFO: [ action_begin ] --END-- [ RunTime:0.000021s ]
NOTIC: [8192] mysql_connect(): The mysql extension is deprecated and will be removed in the future: use mysqli or PDO instead /var/www/php/thinkphp_company/ThinkPHP/Library/Think/Db/Driver/Mysql.class.php 第 52 行.
SQL: SHOW COLUMNS FROM `admin_nav` [ RunTime:0.000531s ]
SQL: SELECT * FROM `admin_nav`  [ RunTime:0.000185s ]
INFO: [ view_parse ] --START--
INFO: [ template_filter ] --START--
INFO: Run Behavior\ContentReplace [ RunTime:0.000066s ]
INFO: [ template_filter ] --END-- [ RunTime:0.000133s ]
INFO: Run Behavior\ParseTemplate [ RunTime:0.008344s ]
INFO: [ view_parse ] --END-- [ RunTime:0.008396s ]
INFO: [ view_filter ] --START--
INFO: Run Behavior\WriteHtmlCache [ RunTime:0.000011s ]
INFO: [ view_filter ] --END-- [ RunTime:0.000045s ]
INFO: [ view_begin ] --START--
INFO: [ view_begin ] --END-- [ RunTime:0.000013s ]
INFO: [ view_parse ] --START--
INFO: Run Behavior\ParseTemplate [ RunTime:0.000302s ]
INFO: [ view_parse ] --END-- [ RunTime:-0.000123s ]
INFO: [ view_filter ] --START--
INFO: Run Behavior\WriteHtmlCache [ RunTime:0.000008s ]
INFO: [ view_filter ] --END-- [ RunTime:-0.000413s ]
INFO: [ view_end ] --START--
INFO: [ view_end ] --END-- [ RunTime:0.000024s ]
INFO: [ app_end ] --START--
INFO: Run Behavior\ShowPageTrace [ RunTime:0.000028s ]
INFO: [ app_end ] --END-- [ RunTime:0.000072s ]

[ 2014-03-11T22:38:02+08:00 ] 127.0.0.1 /index.php/admin/Admin
INFO: [ app_init ] --START--
INFO: [ app_init ] --END-- [ RunTime:0.000262s ]
INFO: [ path_info ] --START--
INFO: [ path_info ] --END-- [ RunTime:0.000020s ]
INFO: [ app_begin ] --START--
INFO: Run Behavior\ReadHtmlCache [ RunTime:0.000040s ]
INFO: [ app_begin ] --END-- [ RunTime:0.000096s ]
INFO: [ action_begin ] --START--
INFO: [ action_begin ] --END-- [ RunTime:0.000024s ]
NOTIC: [8192] mysql_connect(): The mysql extension is deprecated and will be removed in the future: use mysqli or PDO instead /var/www/php/thinkphp_company/ThinkPHP/Library/Think/Db/Driver/Mysql.class.php 第 52 行.
SQL: SHOW COLUMNS FROM `admin_nav` [ RunTime:0.000549s ]
SQL: SELECT * FROM `admin_nav`  [ RunTime:0.000210s ]
INFO: [ view_begin ] --START--
INFO: [ view_begin ] --END-- [ RunTime:0.000022s ]
INFO: [ view_parse ] --START--
INFO: [ template_filter ] --START--
INFO: Run Behavior\ContentReplace [ RunTime:0.000087s ]
INFO: [ template_filter ] --END-- [ RunTime:0.000178s ]
INFO: Run Behavior\ParseTemplate [ RunTime:0.010334s ]
INFO: [ view_parse ] --END-- [ RunTime:0.010386s ]
INFO: [ view_filter ] --START--
INFO: Run Behavior\WriteHtmlCache [ RunTime:0.000013s ]
INFO: [ view_filter ] --END-- [ RunTime:0.000049s ]
INFO: [ view_end ] --START--
INFO: [ view_end ] --END-- [ RunTime:0.000030s ]
INFO: [ app_end ] --START--
INFO: Run Behavior\ShowPageTrace [ RunTime:0.000037s ]
INFO: [ app_end ] --END-- [ RunTime:0.000087s ]

[ 2014-03-11T22:39:56+08:00 ] 127.0.0.1 /index.php/admin/Admin/add_nav
INFO: [ app_init ] --START--
INFO: [ app_init ] --END-- [ RunTime:0.000191s ]
INFO: [ path_info ] --START--
INFO: [ path_info ] --END-- [ RunTime:0.000018s ]
INFO: [ app_begin ] --START--
INFO: Run Behavior\ReadHtmlCache [ RunTime:0.000029s ]
INFO: [ app_begin ] --END-- [ RunTime:0.000068s ]
INFO: [ action_begin ] --START--
INFO: [ action_begin ] --END-- [ RunTime:0.000020s ]
NOTIC: [8192] mysql_connect(): The mysql extension is deprecated and will be removed in the future: use mysqli or PDO instead /var/www/php/thinkphp_company/ThinkPHP/Library/Think/Db/Driver/Mysql.class.php 第 52 行.
SQL: SHOW COLUMNS FROM `admin_nav` [ RunTime:0.000534s ]
SQL: SELECT * FROM `admin_nav`  [ RunTime:0.000175s ]
INFO: [ view_parse ] --START--
INFO: [ template_filter ] --START--
INFO: Run Behavior\ContentReplace [ RunTime:0.000061s ]
INFO: [ template_filter ] --END-- [ RunTime:0.000120s ]
INFO: Run Behavior\ParseTemplate [ RunTime:0.008025s ]
INFO: [ view_parse ] --END-- [ RunTime:0.008076s ]
INFO: [ view_filter ] --START--
INFO: Run Behavior\WriteHtmlCache [ RunTime:0.000012s ]
INFO: [ view_filter ] --END-- [ RunTime:0.000050s ]
INFO: [ view_begin ] --START--
INFO: [ view_begin ] --END-- [ RunTime:0.000014s ]
INFO: [ view_parse ] --START--
INFO: Run Behavior\ParseTemplate [ RunTime:0.000259s ]
INFO: [ view_parse ] --END-- [ RunTime:-0.000151s ]
INFO: [ view_filter ] --START--
INFO: Run Behavior\WriteHtmlCache [ RunTime:0.000007s ]
INFO: [ view_filter ] --END-- [ RunTime:-0.000391s ]
INFO: [ view_end ] --START--
INFO: [ view_end ] --END-- [ RunTime:0.000026s ]
INFO: [ app_end ] --START--
INFO: Run Behavior\ShowPageTrace [ RunTime:0.000039s ]
INFO: [ app_end ] --END-- [ RunTime:0.000095s ]

[ 2014-03-11T22:40:30+08:00 ] 127.0.0.1 /index.php/admin/Admin
INFO: [ app_init ] --START--
INFO: [ app_init ] --END-- [ RunTime:0.000256s ]
INFO: [ path_info ] --START--
INFO: [ path_info ] --END-- [ RunTime:0.000019s ]
INFO: [ app_begin ] --START--
INFO: Run Behavior\ReadHtmlCache [ RunTime:0.000036s ]
INFO: [ app_begin ] --END-- [ RunTime:0.000088s ]
INFO: [ action_begin ] --START--
INFO: [ action_begin ] --END-- [ RunTime:0.000024s ]
NOTIC: [8192] mysql_connect(): The mysql extension is deprecated and will be removed in the future: use mysqli or PDO instead /var/www/php/thinkphp_company/ThinkPHP/Library/Think/Db/Driver/Mysql.class.php 第 52 行.
SQL: SHOW COLUMNS FROM `admin_nav` [ RunTime:0.000610s ]
SQL: SELECT * FROM `admin_nav`  [ RunTime:0.000216s ]
INFO: [ view_begin ] --START--
INFO: [ view_begin ] --END-- [ RunTime:0.000019s ]
INFO: [ view_parse ] --START--
INFO: [ template_filter ] --START--
INFO: Run Behavior\ContentReplace [ RunTime:0.000091s ]
INFO: [ template_filter ] --END-- [ RunTime:0.000153s ]
INFO: Run Behavior\ParseTemplate [ RunTime:0.010722s ]
INFO: [ view_parse ] --END-- [ RunTime:0.010772s ]
INFO: [ view_filter ] --START--
INFO: Run Behavior\WriteHtmlCache [ RunTime:0.000011s ]
INFO: [ view_filter ] --END-- [ RunTime:0.000044s ]
INFO: [ view_end ] --START--
INFO: [ view_end ] --END-- [ RunTime:0.000020s ]
INFO: [ app_end ] --START--
INFO: Run Behavior\ShowPageTrace [ RunTime:0.000029s ]
INFO: [ app_end ] --END-- [ RunTime:0.000067s ]

[ 2014-03-11T22:40:34+08:00 ] 127.0.0.1 /index.php/admin/Admin/add_nav
INFO: [ app_init ] --START--
INFO: [ app_init ] --END-- [ RunTime:0.000212s ]
INFO: [ path_info ] --START--
INFO: [ path_info ] --END-- [ RunTime:0.000017s ]
INFO: [ app_begin ] --START--
INFO: Run Behavior\ReadHtmlCache [ RunTime:0.000029s ]
INFO: [ app_begin ] --END-- [ RunTime:0.000070s ]
INFO: [ action_begin ] --START--
INFO: [ action_begin ] --END-- [ RunTime:0.000022s ]
NOTIC: [8192] mysql_connect(): The mysql extension is deprecated and will be removed in the future: use mysqli or PDO instead /var/www/php/thinkphp_company/ThinkPHP/Library/Think/Db/Driver/Mysql.class.php 第 52 行.
SQL: SHOW COLUMNS FROM `admin_nav` [ RunTime:0.000534s ]
SQL: SELECT * FROM `admin_nav`  [ RunTime:0.000207s ]
INFO: [ view_parse ] --START--
INFO: [ template_filter ] --START--
INFO: Run Behavior\ContentReplace [ RunTime:0.000092s ]
INFO: [ template_filter ] --END-- [ RunTime:0.000188s ]
INFO: Run Behavior\ParseTemplate [ RunTime:0.008281s ]
INFO: [ view_parse ] --END-- [ RunTime:0.008333s ]
INFO: [ view_filter ] --START--
INFO: Run Behavior\WriteHtmlCache [ RunTime:0.000012s ]
INFO: [ view_filter ] --END-- [ RunTime:0.000058s ]
INFO: [ view_begin ] --START--
INFO: [ view_begin ] --END-- [ RunTime:0.000014s ]
INFO: [ view_parse ] --START--
INFO: Run Behavior\ParseTemplate [ RunTime:0.000267s ]
INFO: [ view_parse ] --END-- [ RunTime:-0.000145s ]
INFO: [ view_filter ] --START--
INFO: Run Behavior\WriteHtmlCache [ RunTime:0.000008s ]
INFO: [ view_filter ] --END-- [ RunTime:-0.000387s ]
INFO: [ view_end ] --START--
INFO: [ view_end ] --END-- [ RunTime:0.000023s ]
INFO: [ app_end ] --START--
INFO: Run Behavior\ShowPageTrace [ RunTime:0.000028s ]
INFO: [ app_end ] --END-- [ RunTime:0.000065s ]

[ 2014-03-11T22:46:40+08:00 ] 127.0.0.1 /index.php/admin/Admin/add_nav
INFO: [ app_init ] --START--
INFO: [ app_init ] --END-- [ RunTime:0.000198s ]
INFO: [ path_info ] --START--
INFO: [ path_info ] --END-- [ RunTime:0.000018s ]
INFO: [ app_begin ] --START--
INFO: Run Behavior\ReadHtmlCache [ RunTime:0.000028s ]
INFO: [ app_begin ] --END-- [ RunTime:0.000066s ]
INFO: [ action_begin ] --START--
INFO: [ action_begin ] --END-- [ RunTime:0.000019s ]
NOTIC: [8192] mysql_connect(): The mysql extension is deprecated and will be removed in the future: use mysqli or PDO instead /var/www/php/thinkphp_company/ThinkPHP/Library/Think/Db/Driver/Mysql.class.php 第 52 行.
SQL: SHOW COLUMNS FROM `admin_nav` [ RunTime:0.000544s ]
SQL: SELECT * FROM `admin_nav`  [ RunTime:0.000202s ]
INFO: [ view_parse ] --START--
INFO: [ template_filter ] --START--
INFO: Run Behavior\ContentReplace [ RunTime:0.000057s ]
INFO: [ template_filter ] --END-- [ RunTime:0.000108s ]
INFO: Run Behavior\ParseTemplate [ RunTime:0.007586s ]
INFO: [ view_parse ] --END-- [ RunTime:0.007633s ]
INFO: [ view_filter ] --START--
INFO: Run Behavior\WriteHtmlCache [ RunTime:0.000011s ]
INFO: [ view_filter ] --END-- [ RunTime:0.000045s ]
INFO: [ view_begin ] --START--
INFO: [ view_begin ] --END-- [ RunTime:0.000013s ]
INFO: [ view_parse ] --START--
INFO: Run Behavior\ParseTemplate [ RunTime:0.000262s ]
INFO: [ view_parse ] --END-- [ RunTime:-0.000122s ]
INFO: [ view_filter ] --START--
INFO: Run Behavior\WriteHtmlCache [ RunTime:0.000008s ]
INFO: [ view_filter ] --END-- [ RunTime:-0.000372s ]
INFO: [ view_end ] --START--
INFO: [ view_end ] --END-- [ RunTime:0.000026s ]
INFO: [ app_end ] --START--
INFO: Run Behavior\ShowPageTrace [ RunTime:0.000039s ]
INFO: [ app_end ] --END-- [ RunTime:0.000112s ]

[ 2014-03-11T23:48:36+08:00 ] 127.0.0.1 /index.php/admin/Admin/add_nav
INFO: [ app_init ] --START--
INFO: [ app_init ] --END-- [ RunTime:0.000208s ]
INFO: [ path_info ] --START--
INFO: [ path_info ] --END-- [ RunTime:0.000017s ]
INFO: [ app_begin ] --START--
INFO: Run Behavior\ReadHtmlCache [ RunTime:0.000030s ]
INFO: [ app_begin ] --END-- [ RunTime:0.000068s ]
INFO: [ action_begin ] --START--
INFO: [ action_begin ] --END-- [ RunTime:0.000019s ]
NOTIC: [8192] mysql_connect(): The mysql extension is deprecated and will be removed in the future: use mysqli or PDO instead /var/www/php/thinkphp_company/ThinkPHP/Library/Think/Db/Driver/Mysql.class.php 第 52 行.
SQL: SHOW COLUMNS FROM `admin_nav` [ RunTime:0.000558s ]
SQL: SELECT * FROM `admin_nav`  [ RunTime:0.000206s ]
INFO: [ view_parse ] --START--
INFO: [ template_filter ] --START--
INFO: Run Behavior\ContentReplace [ RunTime:0.000069s ]
INFO: [ template_filter ] --END-- [ RunTime:0.000124s ]
INFO: Run Behavior\ParseTemplate [ RunTime:0.007728s ]
INFO: [ view_parse ] --END-- [ RunTime:0.007786s ]
INFO: [ view_filter ] --START--
INFO: Run Behavior\WriteHtmlCache [ RunTime:0.000011s ]
INFO: [ view_filter ] --END-- [ RunTime:0.000046s ]
INFO: [ view_begin ] --START--
INFO: [ view_begin ] --END-- [ RunTime:0.000013s ]
INFO: [ view_parse ] --START--
INFO: Run Behavior\ParseTemplate [ RunTime:0.000310s ]
INFO: [ view_parse ] --END-- [ RunTime:-0.000122s ]
INFO: [ view_filter ] --START--
INFO: Run Behavior\WriteHtmlCache [ RunTime:0.000008s ]
INFO: [ view_filter ] --END-- [ RunTime:-0.000421s ]
INFO: [ view_end ] --START--
INFO: [ view_end ] --END-- [ RunTime:0.000024s ]
INFO: [ app_end ] --START--
INFO: Run Behavior\ShowPageTrace [ RunTime:0.000027s ]
INFO: [ app_end ] --END-- [ RunTime:0.000064s ]

[ 2014-03-11T23:48:37+08:00 ] 127.0.0.1 /index.php/admin/Admin/add_nav
INFO: [ app_init ] --START--
INFO: [ app_init ] --END-- [ RunTime:0.000202s ]
INFO: [ path_info ] --START--
INFO: [ path_info ] --END-- [ RunTime:0.000019s ]
INFO: [ app_begin ] --START--
INFO: Run Behavior\ReadHtmlCache [ RunTime:0.000027s ]
INFO: [ app_begin ] --END-- [ RunTime:0.000066s ]
INFO: [ action_begin ] --START--
INFO: [ action_begin ] --END-- [ RunTime:0.000019s ]
NOTIC: [8192] mysql_connect(): The mysql extension is deprecated and will be removed in the future: use mysqli or PDO instead /var/www/php/thinkphp_company/ThinkPHP/Library/Think/Db/Driver/Mysql.class.php 第 52 行.
SQL: SHOW COLUMNS FROM `admin_nav` [ RunTime:0.000511s ]
SQL: SELECT * FROM `admin_nav`  [ RunTime:0.000175s ]
INFO: [ view_parse ] --START--
INFO: [ template_filter ] --START--
INFO: Run Behavior\ContentReplace [ RunTime:0.000057s ]
INFO: [ template_filter ] --END-- [ RunTime:0.000107s ]
INFO: Run Behavior\ParseTemplate [ RunTime:0.007653s ]
INFO: [ view_parse ] --END-- [ RunTime:0.007698s ]
INFO: [ view_filter ] --START--
INFO: Run Behavior\WriteHtmlCache [ RunTime:0.000011s ]
INFO: [ view_filter ] --END-- [ RunTime:0.000045s ]
INFO: [ view_begin ] --START--
INFO: [ view_begin ] --END-- [ RunTime:0.000013s ]
INFO: [ view_parse ] --START--
INFO: Run Behavior\ParseTemplate [ RunTime:0.000289s ]
INFO: [ view_parse ] --END-- [ RunTime:-0.000121s ]
INFO: [ view_filter ] --START--
INFO: Run Behavior\WriteHtmlCache [ RunTime:0.000008s ]
INFO: [ view_filter ] --END-- [ RunTime:-0.000412s ]
INFO: [ view_end ] --START--
INFO: [ view_end ] --END-- [ RunTime:0.000020s ]
INFO: [ app_end ] --START--
INFO: Run Behavior\ShowPageTrace [ RunTime:0.000027s ]
INFO: [ app_end ] --END-- [ RunTime:0.000065s ]

[ 2014-03-11T23:48:38+08:00 ] 127.0.0.1 /index.php/admin/Admin/add_nav
INFO: [ app_init ] --START--
INFO: [ app_init ] --END-- [ RunTime:0.000174s ]
INFO: [ path_info ] --START--
INFO: [ path_info ] --END-- [ RunTime:0.000020s ]
INFO: [ app_begin ] --START--
INFO: Run Behavior\ReadHtmlCache [ RunTime:0.000028s ]
INFO: [ app_begin ] --END-- [ RunTime:0.000067s ]
INFO: [ action_begin ] --START--
INFO: [ action_begin ] --END-- [ RunTime:0.000019s ]
NOTIC: [8192] mysql_connect(): The mysql extension is deprecated and will be removed in the future: use mysqli or PDO instead /var/www/php/thinkphp_company/ThinkPHP/Library/Think/Db/Driver/Mysql.class.php 第 52 行.
SQL: SHOW COLUMNS FROM `admin_nav` [ RunTime:0.000609s ]
SQL: SELECT * FROM `admin_nav`  [ RunTime:0.000192s ]
INFO: [ view_parse ] --START--
INFO: [ template_filter ] --START--
INFO: Run Behavior\ContentReplace [ RunTime:0.000057s ]
INFO: [ template_filter ] --END-- [ RunTime:0.000121s ]
INFO: Run Behavior\ParseTemplate [ RunTime:0.007583s ]
INFO: [ view_parse ] --END-- [ RunTime:0.007632s ]
INFO: [ view_filter ] --START--
INFO: Run Behavior\WriteHtmlCache [ RunTime:0.000011s ]
INFO: [ view_filter ] --END-- [ RunTime:0.000046s ]
INFO: [ view_begin ] --START--
INFO: [ view_begin ] --END-- [ RunTime:0.000014s ]
INFO: [ view_parse ] --START--
INFO: Run Behavior\ParseTemplate [ RunTime:0.000262s ]
INFO: [ view_parse ] --END-- [ RunTime:-0.000136s ]
INFO: [ view_filter ] --START--
INFO: Run Behavior\WriteHtmlCache [ RunTime:0.000008s ]
INFO: [ view_filter ] --END-- [ RunTime:-0.000372s ]
INFO: [ view_end ] --START--
INFO: [ view_end ] --END-- [ RunTime:0.000020s ]
INFO: [ app_end ] --START--
INFO: Run Behavior\ShowPageTrace [ RunTime:0.000027s ]
INFO: [ app_end ] --END-- [ RunTime:0.000062s ]

[ 2014-03-11T23:48:38+08:00 ] 127.0.0.1 /index.php/admin/Admin/add_nav
INFO: [ app_init ] --START--
INFO: [ app_init ] --END-- [ RunTime:0.000217s ]
INFO: [ path_info ] --START--
INFO: [ path_info ] --END-- [ RunTime:0.000017s ]
INFO: [ app_begin ] --START--
INFO: Run Behavior\ReadHtmlCache [ RunTime:0.000029s ]
INFO: [ app_begin ] --END-- [ RunTime:0.000067s ]
INFO: [ action_begin ] --START--
INFO: [ action_begin ] --END-- [ RunTime:0.000020s ]
NOTIC: [8192] mysql_connect(): The mysql extension is deprecated and will be removed in the future: use mysqli or PDO instead /var/www/php/thinkphp_company/ThinkPHP/Library/Think/Db/Driver/Mysql.class.php 第 52 行.
SQL: SHOW COLUMNS FROM `admin_nav` [ RunTime:0.000553s ]
SQL: SELECT * FROM `admin_nav`  [ RunTime:0.000188s ]
INFO: [ view_parse ] --START--
INFO: [ template_filter ] --START--
INFO: Run Behavior\ContentReplace [ RunTime:0.000064s ]
INFO: [ template_filter ] --END-- [ RunTime:0.000128s ]
INFO: Run Behavior\ParseTemplate [ RunTime:0.008165s ]
INFO: [ view_parse ] --END-- [ RunTime:0.008217s ]
INFO: [ view_filter ] --START--
INFO: Run Behavior\WriteHtmlCache [ RunTime:0.000012s ]
INFO: [ view_filter ] --END-- [ RunTime:0.000048s ]
INFO: [ view_begin ] --START--
INFO: [ view_begin ] --END-- [ RunTime:0.000015s ]
INFO: [ view_parse ] --START--
INFO: Run Behavior\ParseTemplate [ RunTime:0.000288s ]
INFO: [ view_parse ] --END-- [ RunTime:-0.000133s ]
INFO: [ view_filter ] --START--
INFO: Run Behavior\WriteHtmlCache [ RunTime:0.000008s ]
INFO: [ view_filter ] --END-- [ RunTime:-0.000408s ]
INFO: [ view_end ] --START--
INFO: [ view_end ] --END-- [ RunTime:0.000019s ]
INFO: [ app_end ] --START--
INFO: Run Behavior\ShowPageTrace [ RunTime:0.000028s ]
INFO: [ app_end ] --END-- [ RunTime:0.000065s ]

[ 2014-03-11T23:48:40+08:00 ] 127.0.0.1 /index.php/admin/Admin
INFO: [ app_init ] --START--
INFO: [ app_init ] --END-- [ RunTime:0.000195s ]
INFO: [ path_info ] --START--
INFO: [ path_info ] --END-- [ RunTime:0.000019s ]
INFO: [ app_begin ] --START--
INFO: Run Behavior\ReadHtmlCache [ RunTime:0.000034s ]
INFO: [ app_begin ] --END-- [ RunTime:0.000076s ]
INFO: [ action_begin ] --START--
INFO: [ action_begin ] --END-- [ RunTime:0.000021s ]
NOTIC: [8192] mysql_connect(): The mysql extension is deprecated and will be removed in the future: use mysqli or PDO instead /var/www/php/thinkphp_company/ThinkPHP/Library/Think/Db/Driver/Mysql.class.php 第 52 行.
SQL: SHOW COLUMNS FROM `admin_nav` [ RunTime:0.000540s ]
SQL: SELECT * FROM `admin_nav`  [ RunTime:0.000201s ]
INFO: [ view_begin ] --START--
INFO: [ view_begin ] --END-- [ RunTime:0.000030s ]
INFO: [ view_parse ] --START--
INFO: [ template_filter ] --START--
INFO: Run Behavior\ContentReplace [ RunTime:0.000077s ]
INFO: [ template_filter ] --END-- [ RunTime:0.000150s ]
INFO: Run Behavior\ParseTemplate [ RunTime:0.010429s ]
INFO: [ view_parse ] --END-- [ RunTime:0.010476s ]
INFO: [ view_filter ] --START--
INFO: Run Behavior\WriteHtmlCache [ RunTime:0.000013s ]
INFO: [ view_filter ] --END-- [ RunTime:0.000048s ]
INFO: [ view_end ] --START--
INFO: [ view_end ] --END-- [ RunTime:0.000030s ]
INFO: [ app_end ] --START--
INFO: Run Behavior\ShowPageTrace [ RunTime:0.000044s ]
INFO: [ app_end ] --END-- [ RunTime:0.000105s ]

[ 2014-03-11T23:48:43+08:00 ] 127.0.0.1 /index.php/admin/Admin/add_nav
INFO: [ app_init ] --START--
INFO: [ app_init ] --END-- [ RunTime:0.000209s ]
INFO: [ path_info ] --START--
INFO: [ path_info ] --END-- [ RunTime:0.000019s ]
INFO: [ app_begin ] --START--
INFO: Run Behavior\ReadHtmlCache [ RunTime:0.000032s ]
INFO: [ app_begin ] --END-- [ RunTime:0.000078s ]
INFO: [ action_begin ] --START--
INFO: [ action_begin ] --END-- [ RunTime:0.000024s ]
NOTIC: [8192] mysql_connect(): The mysql extension is deprecated and will be removed in the future: use mysqli or PDO instead /var/www/php/thinkphp_company/ThinkPHP/Library/Think/Db/Driver/Mysql.class.php 第 52 行.
SQL: SHOW COLUMNS FROM `admin_nav` [ RunTime:0.000541s ]
SQL: SELECT * FROM `admin_nav`  [ RunTime:0.000195s ]
INFO: [ view_parse ] --START--
INFO: [ template_filter ] --START--
INFO: Run Behavior\ContentReplace [ RunTime:0.000078s ]
INFO: [ template_filter ] --END-- [ RunTime:0.000143s ]
INFO: Run Behavior\ParseTemplate [ RunTime:0.008581s ]
INFO: [ view_parse ] --END-- [ RunTime:0.008635s ]
INFO: [ view_filter ] --START--
INFO: Run Behavior\WriteHtmlCache [ RunTime:0.000012s ]
INFO: [ view_filter ] --END-- [ RunTime:0.000048s ]
INFO: [ view_begin ] --START--
INFO: [ view_begin ] --END-- [ RunTime:0.000014s ]
INFO: [ view_parse ] --START--
INFO: Run Behavior\ParseTemplate [ RunTime:0.000290s ]
INFO: [ view_parse ] --END-- [ RunTime:-0.000132s ]
INFO: [ view_filter ] --START--
INFO: Run Behavior\WriteHtmlCache [ RunTime:0.000009s ]
INFO: [ view_filter ] --END-- [ RunTime:-0.000411s ]
INFO: [ view_end ] --START--
INFO: [ view_end ] --END-- [ RunTime:0.000033s ]
INFO: [ app_end ] --START--
INFO: Run Behavior\ShowPageTrace [ RunTime:0.000042s ]
INFO: [ app_end ] --END-- [ RunTime:0.000106s ]

[ 2014-03-11T23:54:47+08:00 ] 127.0.0.1 /index.php/admin/Admin
INFO: [ app_init ] --START--
INFO: [ app_init ] --END-- [ RunTime:0.000213s ]
INFO: [ path_info ] --START--
INFO: [ path_info ] --END-- [ RunTime:0.000020s ]
INFO: [ app_begin ] --START--
INFO: Run Behavior\ReadHtmlCache [ RunTime:0.000036s ]
INFO: [ app_begin ] --END-- [ RunTime:0.000081s ]
INFO: [ action_begin ] --START--
INFO: [ action_begin ] --END-- [ RunTime:0.000024s ]
NOTIC: [8192] mysql_connect(): The mysql extension is deprecated and will be removed in the future: use mysqli or PDO instead /var/www/php/thinkphp_company/ThinkPHP/Library/Think/Db/Driver/Mysql.class.php 第 52 行.
SQL: SHOW COLUMNS FROM `admin_nav` [ RunTime:0.000670s ]
SQL: SELECT * FROM `admin_nav`  [ RunTime:0.000211s ]
INFO: [ view_begin ] --START--
INFO: [ view_begin ] --END-- [ RunTime:0.000018s ]
INFO: [ view_parse ] --START--
INFO: [ template_filter ] --START--
INFO: Run Behavior\ContentReplace [ RunTime:0.000077s ]
INFO: [ template_filter ] --END-- [ RunTime:0.000146s ]
INFO: Run Behavior\ParseTemplate [ RunTime:0.010497s ]
INFO: [ view_parse ] --END-- [ RunTime:0.010558s ]
INFO: [ view_filter ] --START--
INFO: Run Behavior\WriteHtmlCache [ RunTime:0.000012s ]
INFO: [ view_filter ] --END-- [ RunTime:0.000047s ]
INFO: [ view_end ] --START--
INFO: [ view_end ] --END-- [ RunTime:0.000032s ]
INFO: [ app_end ] --START--
INFO: Run Behavior\ShowPageTrace [ RunTime:0.000054s ]
INFO: [ app_end ] --END-- [ RunTime:0.000118s ]

[ 2014-03-11T23:54:49+08:00 ] 127.0.0.1 /index.php/admin/Admin/add_nav
INFO: [ app_init ] --START--
INFO: [ app_init ] --END-- [ RunTime:0.000243s ]
INFO: [ path_info ] --START--
INFO: [ path_info ] --END-- [ RunTime:0.000018s ]
INFO: [ app_begin ] --START--
INFO: Run Behavior\ReadHtmlCache [ RunTime:0.000029s ]
INFO: [ app_begin ] --END-- [ RunTime:0.000068s ]
INFO: [ action_begin ] --START--
INFO: [ action_begin ] --END-- [ RunTime:0.000020s ]
NOTIC: [8192] mysql_connect(): The mysql extension is deprecated and will be removed in the future: use mysqli or PDO instead /var/www/php/thinkphp_company/ThinkPHP/Library/Think/Db/Driver/Mysql.class.php 第 52 行.
SQL: SHOW COLUMNS FROM `admin_nav` [ RunTime:0.000570s ]
SQL: SELECT * FROM `admin_nav`  [ RunTime:0.000194s ]
INFO: [ view_parse ] --START--
INFO: [ template_filter ] --START--
INFO: Run Behavior\ContentReplace [ RunTime:0.000063s ]
INFO: [ template_filter ] --END-- [ RunTime:0.000119s ]
INFO: Run Behavior\ParseTemplate [ RunTime:0.008115s ]
INFO: [ view_parse ] --END-- [ RunTime:0.008162s ]
INFO: [ view_filter ] --START--
INFO: Run Behavior\WriteHtmlCache [ RunTime:0.000011s ]
INFO: [ view_filter ] --END-- [ RunTime:0.000045s ]
INFO: [ view_begin ] --START--
INFO: [ view_begin ] --END-- [ RunTime:0.000013s ]
INFO: [ view_parse ] --START--
INFO: Run Behavior\ParseTemplate [ RunTime:0.000262s ]
INFO: [ view_parse ] --END-- [ RunTime:-0.000123s ]
INFO: [ view_filter ] --START--
INFO: Run Behavior\WriteHtmlCache [ RunTime:0.000008s ]
INFO: [ view_filter ] --END-- [ RunTime:-0.000372s ]
INFO: [ view_end ] --START--
INFO: [ view_end ] --END-- [ RunTime:0.000021s ]
INFO: [ app_end ] --START--
INFO: Run Behavior\ShowPageTrace [ RunTime:0.000028s ]
INFO: [ app_end ] --END-- [ RunTime:0.000064s ]

[ 2014-03-11T23:54:56+08:00 ] 127.0.0.1 /index.php/admin/Admin
INFO: [ app_init ] --START--
INFO: [ app_init ] --END-- [ RunTime:0.000199s ]
INFO: [ path_info ] --START--
INFO: [ path_info ] --END-- [ RunTime:0.000019s ]
INFO: [ app_begin ] --START--
INFO: Run Behavior\ReadHtmlCache [ RunTime:0.000031s ]
INFO: [ app_begin ] --END-- [ RunTime:0.000074s ]
INFO: [ action_begin ] --START--
INFO: [ action_begin ] --END-- [ RunTime:0.000022s ]
NOTIC: [8192] mysql_connect(): The mysql extension is deprecated and will be removed in the future: use mysqli or PDO instead /var/www/php/thinkphp_company/ThinkPHP/Library/Think/Db/Driver/Mysql.class.php 第 52 行.
SQL: SHOW COLUMNS FROM `admin_nav` [ RunTime:0.000523s ]
SQL: SELECT * FROM `admin_nav`  [ RunTime:0.000171s ]
INFO: [ view_begin ] --START--
INFO: [ view_begin ] --END-- [ RunTime:0.000019s ]
INFO: [ view_parse ] --START--
INFO: [ template_filter ] --START--
INFO: Run Behavior\ContentReplace [ RunTime:0.000071s ]
INFO: [ template_filter ] --END-- [ RunTime:0.000140s ]
INFO: Run Behavior\ParseTemplate [ RunTime:0.010786s ]
INFO: [ view_parse ] --END-- [ RunTime:0.010831s ]
INFO: [ view_filter ] --START--
INFO: Run Behavior\WriteHtmlCache [ RunTime:0.000011s ]
INFO: [ view_filter ] --END-- [ RunTime:0.000044s ]
INFO: [ view_end ] --START--
INFO: [ view_end ] --END-- [ RunTime:0.000027s ]
INFO: [ app_end ] --START--
INFO: Run Behavior\ShowPageTrace [ RunTime:0.000040s ]
INFO: [ app_end ] --END-- [ RunTime:0.000107s ]

[ 2014-03-11T23:55:36+08:00 ] 127.0.0.1 /index.php/admin/Admin/add_nav
INFO: [ app_init ] --START--
INFO: [ app_init ] --END-- [ RunTime:0.000192s ]
INFO: [ path_info ] --START--
INFO: [ path_info ] --END-- [ RunTime:0.000018s ]
INFO: [ app_begin ] --START--
INFO: Run Behavior\ReadHtmlCache [ RunTime:0.000027s ]
INFO: [ app_begin ] --END-- [ RunTime:0.000067s ]
INFO: [ action_begin ] --START--
INFO: [ action_begin ] --END-- [ RunTime:0.000021s ]
NOTIC: [8192] mysql_connect(): The mysql extension is deprecated and will be removed in the future: use mysqli or PDO instead /var/www/php/thinkphp_company/ThinkPHP/Library/Think/Db/Driver/Mysql.class.php 第 52 行.
SQL: SHOW COLUMNS FROM `admin_nav` [ RunTime:0.000518s ]
SQL: SELECT * FROM `admin_nav`  [ RunTime:0.000180s ]
INFO: [ view_parse ] --START--
INFO: [ template_filter ] --START--
INFO: Run Behavior\ContentReplace [ RunTime:0.000066s ]
INFO: [ template_filter ] --END-- [ RunTime:0.000119s ]
INFO: Run Behavior\ParseTemplate [ RunTime:0.008057s ]
INFO: [ view_parse ] --END-- [ RunTime:0.008108s ]
INFO: [ view_filter ] --START--
INFO: Run Behavior\WriteHtmlCache [ RunTime:0.000012s ]
INFO: [ view_filter ] --END-- [ RunTime:0.000047s ]
INFO: [ view_begin ] --START--
INFO: [ view_begin ] --END-- [ RunTime:0.000013s ]
INFO: [ view_parse ] --START--
INFO: Run Behavior\ParseTemplate [ RunTime:0.000296s ]
INFO: [ view_parse ] --END-- [ RunTime:-0.000124s ]
INFO: [ view_filter ] --START--
INFO: Run Behavior\WriteHtmlCache [ RunTime:0.000008s ]
INFO: [ view_filter ] --END-- [ RunTime:-0.000405s ]
INFO: [ view_end ] --START--
INFO: [ view_end ] --END-- [ RunTime:0.000023s ]
INFO: [ app_end ] --START--
INFO: Run Behavior\ShowPageTrace [ RunTime:0.000027s ]
INFO: [ app_end ] --END-- [ RunTime:0.000063s ]

[ 2014-03-11T23:55:41+08:00 ] 127.0.0.1 /index.php/admin/Admin
INFO: [ app_init ] --START--
INFO: [ app_init ] --END-- [ RunTime:0.000221s ]
INFO: [ path_info ] --START--
INFO: [ path_info ] --END-- [ RunTime:0.000019s ]
INFO: [ app_begin ] --START--
INFO: Run Behavior\ReadHtmlCache [ RunTime:0.000033s ]
INFO: [ app_begin ] --END-- [ RunTime:0.000076s ]
INFO: [ action_begin ] --START--
INFO: [ action_begin ] --END-- [ RunTime:0.000026s ]
NOTIC: [8192] mysql_connect(): The mysql extension is deprecated and will be removed in the future: use mysqli or PDO instead /var/www/php/thinkphp_company/ThinkPHP/Library/Think/Db/Driver/Mysql.class.php 第 52 行.
SQL: SHOW COLUMNS FROM `admin_nav` [ RunTime:0.001078s ]
SQL: SELECT * FROM `admin_nav`  [ RunTime:0.000228s ]
INFO: [ view_begin ] --START--
INFO: [ view_begin ] --END-- [ RunTime:0.000019s ]
INFO: [ view_parse ] --START--
INFO: [ template_filter ] --START--
INFO: Run Behavior\ContentReplace [ RunTime:0.000126s ]
INFO: [ template_filter ] --END-- [ RunTime:0.000227s ]
INFO: Run Behavior\ParseTemplate [ RunTime:0.010978s ]
INFO: [ view_parse ] --END-- [ RunTime:0.011038s ]
INFO: [ view_filter ] --START--
INFO: Run Behavior\WriteHtmlCache [ RunTime:0.000015s ]
INFO: [ view_filter ] --END-- [ RunTime:0.000052s ]
INFO: [ view_end ] --START--
INFO: [ view_end ] --END-- [ RunTime:0.000020s ]
INFO: [ app_end ] --START--
INFO: Run Behavior\ShowPageTrace [ RunTime:0.000030s ]
INFO: [ app_end ] --END-- [ RunTime:0.000067s ]

[ 2014-03-11T23:55:50+08:00 ] 127.0.0.1 /index.php/admin/Admin/add_nav
INFO: [ app_init ] --START--
INFO: [ app_init ] --END-- [ RunTime:0.000203s ]
INFO: [ path_info ] --START--
INFO: [ path_info ] --END-- [ RunTime:0.000018s ]
INFO: [ app_begin ] --START--
INFO: Run Behavior\ReadHtmlCache [ RunTime:0.000028s ]
INFO: [ app_begin ] --END-- [ RunTime:0.000067s ]
INFO: [ action_begin ] --START--
INFO: [ action_begin ] --END-- [ RunTime:0.000020s ]
NOTIC: [8192] mysql_connect(): The mysql extension is deprecated and will be removed in the future: use mysqli or PDO instead /var/www/php/thinkphp_company/ThinkPHP/Library/Think/Db/Driver/Mysql.class.php 第 52 行.
SQL: SHOW COLUMNS FROM `admin_nav` [ RunTime:0.000544s ]
SQL: SELECT * FROM `admin_nav`  [ RunTime:0.000182s ]
INFO: [ view_parse ] --START--
INFO: [ template_filter ] --START--
INFO: Run Behavior\ContentReplace [ RunTime:0.000060s ]
INFO: [ template_filter ] --END-- [ RunTime:0.000118s ]
INFO: Run Behavior\ParseTemplate [ RunTime:0.007748s ]
INFO: [ view_parse ] --END-- [ RunTime:0.007795s ]
INFO: [ view_filter ] --START--
INFO: Run Behavior\WriteHtmlCache [ RunTime:0.000011s ]
INFO: [ view_filter ] --END-- [ RunTime:0.000045s ]
INFO: [ view_begin ] --START--
INFO: [ view_begin ] --END-- [ RunTime:0.000013s ]
INFO: [ view_parse ] --START--
INFO: Run Behavior\ParseTemplate [ RunTime:0.000293s ]
INFO: [ view_parse ] --END-- [ RunTime:-0.000124s ]
INFO: [ view_filter ] --START--
INFO: Run Behavior\WriteHtmlCache [ RunTime:0.000008s ]
INFO: [ view_filter ] --END-- [ RunTime:-0.000406s ]
INFO: [ view_end ] --START--
INFO: [ view_end ] --END-- [ RunTime:0.000030s ]
INFO: [ app_end ] --START--
INFO: Run Behavior\ShowPageTrace [ RunTime:0.000039s ]
INFO: [ app_end ] --END-- [ RunTime:0.000095s ]

[ 2014-03-11T23:58:04+08:00 ] 127.0.0.1 /index.php/admin/Admin
INFO: [ app_init ] --START--
INFO: [ app_init ] --END-- [ RunTime:0.000266s ]
INFO: [ path_info ] --START--
INFO: [ path_info ] --END-- [ RunTime:0.000028s ]
INFO: [ app_begin ] --START--
INFO: Run Behavior\ReadHtmlCache [ RunTime:0.000047s ]
INFO: [ app_begin ] --END-- [ RunTime:0.000115s ]
INFO: [ action_begin ] --START--
INFO: [ action_begin ] --END-- [ RunTime:0.000029s ]
NOTIC: [8192] mysql_connect(): The mysql extension is deprecated and will be removed in the future: use mysqli or PDO instead /var/www/php/thinkphp_company/ThinkPHP/Library/Think/Db/Driver/Mysql.class.php 第 52 行.
SQL: SHOW COLUMNS FROM `admin_nav` [ RunTime:0.000517s ]
SQL: SELECT * FROM `admin_nav`  [ RunTime:0.000232s ]
INFO: [ view_begin ] --START--
INFO: [ view_begin ] --END-- [ RunTime:0.000032s ]
INFO: [ view_parse ] --START--
INFO: [ template_filter ] --START--
INFO: Run Behavior\ContentReplace [ RunTime:0.000070s ]
INFO: [ template_filter ] --END-- [ RunTime:0.000132s ]
INFO: Run Behavior\ParseTemplate [ RunTime:0.010009s ]
INFO: [ view_parse ] --END-- [ RunTime:0.010053s ]
INFO: [ view_filter ] --START--
INFO: Run Behavior\WriteHtmlCache [ RunTime:0.000012s ]
INFO: [ view_filter ] --END-- [ RunTime:0.000044s ]
INFO: [ view_end ] --START--
INFO: [ view_end ] --END-- [ RunTime:0.000020s ]
INFO: [ app_end ] --START--
INFO: Run Behavior\ShowPageTrace [ RunTime:0.000030s ]
INFO: [ app_end ] --END-- [ RunTime:0.000065s ]

[ 2014-03-11T23:58:07+08:00 ] 127.0.0.1 /index.php/admin/Admin/add_nav
INFO: [ app_init ] --START--
INFO: [ app_init ] --END-- [ RunTime:0.000191s ]
INFO: [ path_info ] --START--
INFO: [ path_info ] --END-- [ RunTime:0.000018s ]
INFO: [ app_begin ] --START--
INFO: Run Behavior\ReadHtmlCache [ RunTime:0.000043s ]
INFO: [ app_begin ] --END-- [ RunTime:0.000113s ]
INFO: [ action_begin ] --START--
INFO: [ action_begin ] --END-- [ RunTime:0.000022s ]
NOTIC: [8192] mysql_connect(): The mysql extension is deprecated and will be removed in the future: use mysqli or PDO instead /var/www/php/thinkphp_company/ThinkPHP/Library/Think/Db/Driver/Mysql.class.php 第 52 行.
SQL: SHOW COLUMNS FROM `admin_nav` [ RunTime:0.000515s ]
SQL: SELECT * FROM `admin_nav`  [ RunTime:0.000182s ]
INFO: [ view_parse ] --START--
INFO: [ template_filter ] --START--
INFO: Run Behavior\ContentReplace [ RunTime:0.000064s ]
INFO: [ template_filter ] --END-- [ RunTime:0.000119s ]
INFO: Run Behavior\ParseTemplate [ RunTime:0.008148s ]
INFO: [ view_parse ] --END-- [ RunTime:0.008210s ]
INFO: [ view_filter ] --START--
INFO: Run Behavior\WriteHtmlCache [ RunTime:0.000011s ]
INFO: [ view_filter ] --END-- [ RunTime:0.000046s ]
INFO: [ view_begin ] --START--
INFO: [ view_begin ] --END-- [ RunTime:0.000013s ]
INFO: [ view_parse ] --START--
INFO: Run Behavior\ParseTemplate [ RunTime:0.000264s ]
INFO: [ view_parse ] --END-- [ RunTime:-0.000124s ]
INFO: [ view_filter ] --START--
INFO: Run Behavior\WriteHtmlCache [ RunTime:0.000008s ]
INFO: [ view_filter ] --END-- [ RunTime:-0.000375s ]
INFO: [ view_end ] --START--
INFO: [ view_end ] --END-- [ RunTime:0.000023s ]
INFO: [ app_end ] --START--
INFO: Run Behavior\ShowPageTrace [ RunTime:0.000029s ]
INFO: [ app_end ] --END-- [ RunTime:0.000066s ]

[ 2014-03-11T23:59:23+08:00 ] 127.0.0.1 /index.php/admin/Admin/add_nav
INFO: [ app_init ] --START--
INFO: [ app_init ] --END-- [ RunTime:0.000183s ]
INFO: [ path_info ] --START--
INFO: [ path_info ] --END-- [ RunTime:0.000017s ]
INFO: [ app_begin ] --START--
INFO: Run Behavior\ReadHtmlCache [ RunTime:0.000030s ]
INFO: [ app_begin ] --END-- [ RunTime:0.000068s ]
INFO: [ action_begin ] --START--
INFO: [ action_begin ] --END-- [ RunTime:0.000020s ]
NOTIC: [8192] mysql_connect(): The mysql extension is deprecated and will be removed in the future: use mysqli or PDO instead /var/www/php/thinkphp_company/ThinkPHP/Library/Think/Db/Driver/Mysql.class.php 第 52 行.
SQL: SHOW COLUMNS FROM `admin_nav` [ RunTime:0.000527s ]
SQL: SELECT * FROM `admin_nav`  [ RunTime:0.000205s ]
INFO: [ view_parse ] --START--
INFO: [ template_filter ] --START--
INFO: Run Behavior\ContentReplace [ RunTime:0.000069s ]
INFO: [ template_filter ] --END-- [ RunTime:0.000132s ]
INFO: Run Behavior\ParseTemplate [ RunTime:0.007748s ]
INFO: [ view_parse ] --END-- [ RunTime:0.007794s ]
INFO: [ view_filter ] --START--
INFO: Run Behavior\WriteHtmlCache [ RunTime:0.000011s ]
INFO: [ view_filter ] --END-- [ RunTime:0.000046s ]
INFO: [ view_begin ] --START--
INFO: [ view_begin ] --END-- [ RunTime:0.000014s ]
INFO: [ view_parse ] --START--
INFO: [ template_filter ] --START--
INFO: Run Behavior\ContentReplace [ RunTime:0.000055s ]
INFO: [ template_filter ] --END-- [ RunTime:-0.005488s ]
INFO: Run Behavior\ParseTemplate [ RunTime:0.005167s ]
INFO: [ view_parse ] --END-- [ RunTime:-0.000135s ]
INFO: [ view_filter ] --START--
INFO: Run Behavior\WriteHtmlCache [ RunTime:0.000008s ]
INFO: [ view_filter ] --END-- [ RunTime:-0.005278s ]
INFO: [ view_end ] --START--
INFO: [ view_end ] --END-- [ RunTime:0.000022s ]
INFO: [ app_end ] --START--
INFO: Run Behavior\ShowPageTrace [ RunTime:0.000029s ]
INFO: [ app_end ] --END-- [ RunTime:0.000065s ]

[ 2014-03-11T23:59:43+08:00 ] 127.0.0.1 /index.php/admin/www.baidu.com
INFO: [ app_init ] --START--
INFO: [ app_init ] --END-- [ RunTime:0.000232s ]
INFO: [ path_info ] --START--
INFO: [ path_info ] --END-- [ RunTime:0.000020s ]
INFO: [ app_begin ] --START--
INFO: Run Behavior\ReadHtmlCache [ RunTime:0.000046s ]
INFO: [ app_begin ] --END-- [ RunTime:0.000095s ]
ERR: 无法加载控制器:www.baidu.com

